This is pdfTeX, Version 3.141592653-2.6-1.40.26 (TeX Live 2024) (preloaded format=pdflatex 2025.3.7)  6 APR 2025 12:27
entering extended mode
 restricted \write18 enabled.
 file:line:error style messages enabled.
 %&-line parsing enabled.
**"c:/Users/JJmlki/Desktop/Paper_Dr_Feghhi_edit/Paper-revision/paper_latex_edit - Copy.tex"
(c:/Users/JJmlki/Desktop/Paper_Dr_Feghhi_edit/Paper-revision/paper_latex_edit - Copy.tex
LaTeX2e <2024-11-01> patch level 2
L3 programming layer <2025-01-18>
(c:/texlive/2024/texmf-dist/tex/latex/ieeetran/IEEEtran.cls
Document Class: IEEEtran 2015/08/26 V1.8b by Michael Shell
-- See the "IEEEtran_HOWTO" manual for usage information.
-- http://www.michaelshell.org/tex/ieeetran/
\@IEEEtrantmpdimenA=\dimen141
\@IEEEtrantmpdimenB=\dimen142
\@IEEEtrantmpdimenC=\dimen143
\@IEEEtrantmpcountA=\count196
\@IEEEtrantmpcountB=\count197
\@IEEEtrantmpcountC=\count198
\@IEEEtrantmptoksA=\toks17
LaTeX Font Info:    Trying to load font information for OT1+ptm on input line 503.
(c:/texlive/2024/texmf-dist/tex/latex/psnfss/ot1ptm.fd
File: ot1ptm.fd 2001/06/04 font definitions for OT1/ptm.
)
-- Using 8.5in x 11in (letter) paper.
-- Using PDF output.
\@IEEEnormalsizeunitybaselineskip=\dimen144
-- This is a 10 point document.
\CLASSINFOnormalsizebaselineskip=\dimen145
\CLASSINFOnormalsizeunitybaselineskip=\dimen146
\IEEEnormaljot=\dimen147
LaTeX Font Info:    Font shape `OT1/ptm/bx/n' in size <5> not available
(Font)              Font shape `OT1/ptm/b/n' tried instead on input line 1090.
LaTeX Font Info:    Font shape `OT1/ptm/bx/it' in size <5> not available
(Font)              Font shape `OT1/ptm/b/it' tried instead on input line 1090.
LaTeX Font Info:    Font shape `OT1/ptm/bx/n' in size <7> not available
(Font)              Font shape `OT1/ptm/b/n' tried instead on input line 1090.
LaTeX Font Info:    Font shape `OT1/ptm/bx/it' in size <7> not available
(Font)              Font shape `OT1/ptm/b/it' tried instead on input line 1090.
LaTeX Font Info:    Font shape `OT1/ptm/bx/n' in size <8> not available
(Font)              Font shape `OT1/ptm/b/n' tried instead on input line 1090.
LaTeX Font Info:    Font shape `OT1/ptm/bx/it' in size <8> not available
(Font)              Font shape `OT1/ptm/b/it' tried instead on input line 1090.
LaTeX Font Info:    Font shape `OT1/ptm/bx/n' in size <9> not available
(Font)              Font shape `OT1/ptm/b/n' tried instead on input line 1090.
LaTeX Font Info:    Font shape `OT1/ptm/bx/it' in size <9> not available
(Font)              Font shape `OT1/ptm/b/it' tried instead on input line 1090.
LaTeX Font Info:    Font shape `OT1/ptm/bx/n' in size <10> not available
(Font)              Font shape `OT1/ptm/b/n' tried instead on input line 1090.
LaTeX Font Info:    Font shape `OT1/ptm/bx/it' in size <10> not available
(Font)              Font shape `OT1/ptm/b/it' tried instead on input line 1090.
LaTeX Font Info:    Font shape `OT1/ptm/bx/n' in size <11> not available
(Font)              Font shape `OT1/ptm/b/n' tried instead on input line 1090.
LaTeX Font Info:    Font shape `OT1/ptm/bx/it' in size <11> not available
(Font)              Font shape `OT1/ptm/b/it' tried instead on input line 1090.
LaTeX Font Info:    Font shape `OT1/ptm/bx/n' in size <12> not available
(Font)              Font shape `OT1/ptm/b/n' tried instead on input line 1090.
LaTeX Font Info:    Font shape `OT1/ptm/bx/it' in size <12> not available
(Font)              Font shape `OT1/ptm/b/it' tried instead on input line 1090.
LaTeX Font Info:    Font shape `OT1/ptm/bx/n' in size <17> not available
(Font)              Font shape `OT1/ptm/b/n' tried instead on input line 1090.
LaTeX Font Info:    Font shape `OT1/ptm/bx/it' in size <17> not available
(Font)              Font shape `OT1/ptm/b/it' tried instead on input line 1090.
LaTeX Font Info:    Font shape `OT1/ptm/bx/n' in size <20> not available
(Font)              Font shape `OT1/ptm/b/n' tried instead on input line 1090.
LaTeX Font Info:    Font shape `OT1/ptm/bx/it' in size <20> not available
(Font)              Font shape `OT1/ptm/b/it' tried instead on input line 1090.
LaTeX Font Info:    Font shape `OT1/ptm/bx/n' in size <24> not available
(Font)              Font shape `OT1/ptm/b/n' tried instead on input line 1090.
LaTeX Font Info:    Font shape `OT1/ptm/bx/it' in size <24> not available
(Font)              Font shape `OT1/ptm/b/it' tried instead on input line 1090.
\IEEEquantizedlength=\dimen148
\IEEEquantizedlengthdiff=\dimen149
\IEEEquantizedtextheightdiff=\dimen150
\IEEEilabelindentA=\dimen151
\IEEEilabelindentB=\dimen152
\IEEEilabelindent=\dimen153
\IEEEelabelindent=\dimen154
\IEEEdlabelindent=\dimen155
\IEEElabelindent=\dimen156
\IEEEiednormlabelsep=\dimen157
\IEEEiedmathlabelsep=\dimen158
\IEEEiedtopsep=\skip49
\c@section=\count199
\c@subsection=\count266
\c@subsubsection=\count267
\c@paragraph=\count268
\c@IEEEsubequation=\count269
\abovecaptionskip=\skip50
\belowcaptionskip=\skip51
\c@figure=\count270
\c@table=\count271
\@IEEEeqnnumcols=\count272
\@IEEEeqncolcnt=\count273
\@IEEEsubeqnnumrollback=\count274
\@IEEEquantizeheightA=\dimen159
\@IEEEquantizeheightB=\dimen160
\@IEEEquantizeheightC=\dimen161
\@IEEEquantizeprevdepth=\dimen162
\@IEEEquantizemultiple=\count275
\@IEEEquantizeboxA=\box52
\@IEEEtmpitemindent=\dimen163
\IEEEPARstartletwidth=\dimen164
\c@IEEEbiography=\count276
\@IEEEtranrubishbin=\box53
) (c:/texlive/2024/texmf-dist/tex/latex/amsmath/amsmath.sty
Package: amsmath 2024/11/05 v2.17t AMS math features
\@mathmargin=\skip52

For additional information on amsmath, use the `?' option.
(c:/texlive/2024/texmf-dist/tex/latex/amsmath/amstext.sty
Package: amstext 2021/08/26 v2.01 AMS text
 (c:/texlive/2024/texmf-dist/tex/latex/amsmath/amsgen.sty
File: amsgen.sty 1999/11/30 v2.0 generic functions
\@emptytoks=\toks18
\ex@=\dimen165
)) (c:/texlive/2024/texmf-dist/tex/latex/amsmath/amsbsy.sty
Package: amsbsy 1999/11/29 v1.2d Bold Symbols
\pmbraise@=\dimen166
) (c:/texlive/2024/texmf-dist/tex/latex/amsmath/amsopn.sty
Package: amsopn 2022/04/08 v2.04 operator names
)
\inf@bad=\count277
LaTeX Info: Redefining \frac on input line 233.
\uproot@=\count278
\leftroot@=\count279
LaTeX Info: Redefining \overline on input line 398.
LaTeX Info: Redefining \colon on input line 409.
\classnum@=\count280
\DOTSCASE@=\count281
LaTeX Info: Redefining \ldots on input line 495.
LaTeX Info: Redefining \dots on input line 498.
LaTeX Info: Redefining \cdots on input line 619.
\Mathstrutbox@=\box54
\strutbox@=\box55
LaTeX Info: Redefining \big on input line 721.
LaTeX Info: Redefining \Big on input line 722.
LaTeX Info: Redefining \bigg on input line 723.
LaTeX Info: Redefining \Bigg on input line 724.
\big@size=\dimen167
LaTeX Font Info:    Redeclaring font encoding OML on input line 742.
LaTeX Font Info:    Redeclaring font encoding OMS on input line 743.
\macc@depth=\count282
LaTeX Info: Redefining \bmod on input line 904.
LaTeX Info: Redefining \pmod on input line 909.
LaTeX Info: Redefining \smash on input line 939.
LaTeX Info: Redefining \relbar on input line 969.
LaTeX Info: Redefining \Relbar on input line 970.
\c@MaxMatrixCols=\count283
\dotsspace@=\muskip17
\c@parentequation=\count284
\dspbrk@lvl=\count285
\tag@help=\toks19
\row@=\count286
\column@=\count287
\maxfields@=\count288
\andhelp@=\toks20
\eqnshift@=\dimen168
\alignsep@=\dimen169
\tagshift@=\dimen170
\tagwidth@=\dimen171
\totwidth@=\dimen172
\lineht@=\dimen173
\@envbody=\toks21
\multlinegap=\skip53
\multlinetaggap=\skip54
\mathdisplay@stack=\toks22
LaTeX Info: Redefining \[ on input line 2953.
LaTeX Info: Redefining \] on input line 2954.
) (c:/texlive/2024/texmf-dist/tex/latex/amsfonts/amsfonts.sty
Package: amsfonts 2013/01/14 v3.01 Basic AMSFonts support
\symAMSa=\mathgroup4
\symAMSb=\mathgroup5
LaTeX Font Info:    Redeclaring math symbol \hbar on input line 98.
LaTeX Font Info:    Overwriting math alphabet `\mathfrak' in version `bold'
(Font)                  U/euf/m/n --> U/euf/b/n on input line 106.
) (c:/texlive/2024/texmf-dist/tex/latex/algorithms/algorithmic.sty
Package: algorithmic 2009/08/24 v0.1 Document Style `algorithmic'
 (c:/texlive/2024/texmf-dist/tex/latex/base/ifthen.sty
Package: ifthen 2024/03/16 v1.1e Standard LaTeX ifthen package (DPC)
) (c:/texlive/2024/texmf-dist/tex/latex/graphics/keyval.sty
Package: keyval 2022/05/29 v1.15 key=value parser (DPC)
\KV@toks@=\toks23
)
\c@ALC@unique=\count289
\c@ALC@line=\count290
\c@ALC@rem=\count291
\c@ALC@depth=\count292
\ALC@tlm=\skip55
\algorithmicindent=\skip56
) (c:/texlive/2024/texmf-dist/tex/latex/tools/array.sty
Package: array 2024/10/17 v2.6g Tabular extension package (FMi)
\col@sep=\dimen174
\ar@mcellbox=\box56
\extrarowheight=\dimen175
\NC@list=\toks24
\extratabsurround=\skip57
\backup@length=\skip58
\ar@cellbox=\box57
) (c:/texlive/2024/texmf-dist/tex/latex/subfig/subfig.sty
Package: subfig 2005/06/28 ver: 1.3 subfig package
 (c:/texlive/2024/texmf-dist/tex/latex/caption/caption3.sty
Package: caption3 2023/07/31 v2.4d caption3 kernel (AR)
\caption@tempdima=\dimen176
\captionmargin=\dimen177
\caption@leftmargin=\dimen178
\caption@rightmargin=\dimen179
\caption@width=\dimen180
\caption@indent=\dimen181
\caption@parindent=\dimen182
\caption@hangindent=\dimen183
Package caption Info: Unknown document class (or package),
(caption)             standard defaults will be used.
Package caption Info: \@makecaption = \long macro:#1#2->\ifx \@captype \@IEEEtablestring \footnotesize \bgroup \par \centering \@IEEEtabletopskipstrut {\normalfont \footnotesize #1}\\{\normalfont \footnotesize \scshape #2}\par \addvspace {0.5\baselineskip }\egroup \@IEEEtablecaptionsepspace \else \@IEEEfigurecaptionsepspace \setbox \@tempboxa \hbox {\normalfont \footnotesize {#1.}\nobreakspace \nobreakspace #2}\ifdim \wd \@tempboxa >\hsize \setbox \@tempboxa \hbox {\normalfont \footnotesize {#1.}\nobreakspace \nobreakspace }\parbox [t]{\hsize }{\normalfont \footnotesize \noindent \unhbox \@tempboxa #2}\else \ifCLASSOPTIONconference \hbox to\hsize {\normalfont \footnotesize \hfil \box \@tempboxa \hfil }\else \hbox to\hsize {\normalfont \footnotesize \box \@tempboxa \hfil }\fi \fi \fi  on input line 1175.
)
\c@KVtest=\count293
\sf@farskip=\skip59
\sf@captopadj=\dimen184
\sf@capskip=\skip60
\sf@nearskip=\skip61
\c@subfigure=\count294
\c@subfigure@save=\count295
\c@lofdepth=\count296
\c@subtable=\count297
\c@subtable@save=\count298
\c@lotdepth=\count299
\sf@top=\skip62
\sf@bottom=\skip63
) (c:/texlive/2024/texmf-dist/tex/latex/base/textcomp.sty
Package: textcomp 2024/04/24 v2.1b Standard LaTeX package
) (c:/texlive/2024/texmf-dist/tex/latex/booktabs/booktabs.sty
Package: booktabs 2020/01/12 v1.61803398 Publication quality tables
\heavyrulewidth=\dimen185
\lightrulewidth=\dimen186
\cmidrulewidth=\dimen187
\belowrulesep=\dimen188
\belowbottomsep=\dimen189
\aboverulesep=\dimen190
\abovetopsep=\dimen191
\cmidrulesep=\dimen192
\cmidrulekern=\dimen193
\defaultaddspace=\dimen194
\@cmidla=\count300
\@cmidlb=\count301
\@aboverulesep=\dimen195
\@belowrulesep=\dimen196
\@thisruleclass=\count302
\@lastruleclass=\count303
\@thisrulewidth=\dimen197
) (c:/texlive/2024/texmf-dist/tex/latex/sttools/stfloats.sty
Package: stfloats 2017/03/27 v3.3 Improve float mechanism and baselineskip settings
\@dblbotnum=\count304
\c@dblbotnumber=\count305
) (c:/texlive/2024/texmf-dist/tex/latex/url/url.sty
\Urlmuskip=\muskip18
Package: url 2013/09/16  ver 3.4  Verb mode for urls, etc.
) (c:/texlive/2024/texmf-dist/tex/latex/multirow/multirow.sty
Package: multirow 2024/11/12 v2.9 Span multiple rows of a table
\multirow@colwidth=\skip64
\multirow@cntb=\count306
\multirow@dima=\skip65
\bigstrutjot=\dimen198
) (c:/texlive/2024/texmf-dist/tex/latex/threeparttable/threeparttable.sty
Package: threeparttable 2003/06/13  v 3.0
\@tempboxb=\box58
) (c:/texlive/2024/texmf-dist/tex/latex/tools/multicol.sty
Package: multicol 2024/09/14 v1.9i multicolumn formatting (FMi)
\c@tracingmulticols=\count307
\mult@box=\box59
\multicol@leftmargin=\dimen199
\c@unbalance=\count308
\c@collectmore=\count309
\doublecol@number=\count310
\multicoltolerance=\count311
\multicolpretolerance=\count312
\full@width=\dimen256
\page@free=\dimen257
\premulticols=\dimen258
\postmulticols=\dimen259
\multicolsep=\skip66
\multicolbaselineskip=\skip67
\partial@page=\box60
\last@line=\box61
\mc@boxedresult=\box62
\maxbalancingoverflow=\dimen260
\mult@rightbox=\box63
\mult@grightbox=\box64
\mult@firstbox=\box65
\mult@gfirstbox=\box66
\@tempa=\box67
\@tempa=\box68
\@tempa=\box69
\@tempa=\box70
\@tempa=\box71
\@tempa=\box72
\@tempa=\box73
\@tempa=\box74
\@tempa=\box75
\@tempa=\box76
\@tempa=\box77
\@tempa=\box78
\@tempa=\box79
\@tempa=\box80
\@tempa=\box81
\@tempa=\box82
\@tempa=\box83
\@tempa=\box84
\@tempa=\box85
\@tempa=\box86
\@tempa=\box87
\@tempa=\box88
\@tempa=\box89
\@tempa=\box90
\@tempa=\box91
\@tempa=\box92
\@tempa=\box93
\@tempa=\box94
\@tempa=\box95
\@tempa=\box96
\@tempa=\box97
\@tempa=\box98
\@tempa=\box99
\@tempa=\box100
\@tempa=\box101
\@tempa=\box102
\c@minrows=\count313
\c@columnbadness=\count314
\c@finalcolumnbadness=\count315
\last@try=\dimen261
\multicolovershoot=\dimen262
\multicolundershoot=\dimen263
\mult@nat@firstbox=\box103
\colbreak@box=\box104
\mc@col@check@num=\count316
) (c:/texlive/2024/texmf-dist/tex/latex/lipsum/lipsum.sty (c:/texlive/2024/texmf-dist/tex/latex/l3packages/l3keys2e/l3keys2e.sty (c:/texlive/2024/texmf-dist/tex/latex/l3kernel/expl3.sty
Package: expl3 2025-01-18 L3 programming layer (loader) 
 (c:/texlive/2024/texmf-dist/tex/latex/l3backend/l3backend-pdftex.def
File: l3backend-pdftex.def 2024-05-08 L3 backend support: PDF output (pdfTeX)
\l__color_backend_stack_int=\count317
\l__pdf_internal_box=\box105
))
Package: l3keys2e 2024-08-16 LaTeX2e option processing using LaTeX3 keys
)
Package: lipsum 2021-09-20 v2.7 150 paragraphs of Lorem Ipsum dummy text
\g__lipsum_par_int=\count318
\l__lipsum_a_int=\count319
\l__lipsum_b_int=\count320
 (c:/texlive/2024/texmf-dist/tex/latex/lipsum/lipsum.ltd.tex)) (c:/texlive/2024/texmf-dist/tex/latex/tools/verbatim.sty
Package: verbatim 2024-01-22 v1.5x LaTeX2e package for verbatim enhancements
\every@verbatim=\toks25
\verbatim@line=\toks26
\verbatim@in@stream=\read2
) (c:/texlive/2024/texmf-dist/tex/latex/graphics/graphicx.sty
Package: graphicx 2021/09/16 v1.2d Enhanced LaTeX Graphics (DPC,SPQR)
 (c:/texlive/2024/texmf-dist/tex/latex/graphics/graphics.sty
Package: graphics 2024/08/06 v1.4g Standard LaTeX Graphics (DPC,SPQR)
 (c:/texlive/2024/texmf-dist/tex/latex/graphics/trig.sty
Package: trig 2023/12/02 v1.11 sin cos tan (DPC)
) (c:/texlive/2024/texmf-dist/tex/latex/graphics-cfg/graphics.cfg
File: graphics.cfg 2016/06/04 v1.11 sample graphics configuration
)
Package graphics Info: Driver file: pdftex.def on input line 106.
 (c:/texlive/2024/texmf-dist/tex/latex/graphics-def/pdftex.def
File: pdftex.def 2024/04/13 v1.2c Graphics/color driver for pdftex
))
\Gin@req@height=\dimen264
\Gin@req@width=\dimen265
) (c:/texlive/2024/texmf-dist/tex/latex/caption/caption.sty
Package: caption 2023/08/05 v3.6o Customizing captions (AR)


Package caption Warning: Unknown document class (or package),
(caption)                standard defaults will be used.
See the caption package documentation for explanation.

\c@caption@flags=\count321
\c@continuedfloat=\count322
Package caption Info: threeparttable package is loaded.
) (c:/texlive/2024/texmf-dist/tex/latex/caption/subcaption.sty
Package: subcaption 2023/07/28 v1.6b Sub-captions (AR)
LaTeX Info: Redefining \subref on input line 189.
Package subcaption Info: The counter `subfigure' was already defined by
(subcaption)             \newsubfloat (offered by the subfig package) on input line 238.
Package subcaption Info: The counter `subtable' was already defined by
(subcaption)             \newsubfloat (offered by the subfig package) on input line 238.
) (c:/texlive/2024/texmf-dist/tex/latex/preprint/balance.sty
Package: balance 1999/02/23 4.3 (PWD)
\oldvsize=\dimen266
)

LaTeX Warning: Unused global option(s):
    [lettersize].

(./paper_latex_edit - Copy.aux)
\openout1 = `"paper_latex_edit - Copy.aux"'.

LaTeX Font Info:    Checking defaults for OML/cmm/m/it on input line 23.
LaTeX Font Info:    ... okay on input line 23.
LaTeX Font Info:    Checking defaults for OMS/cmsy/m/n on input line 23.
LaTeX Font Info:    ... okay on input line 23.
LaTeX Font Info:    Checking defaults for OT1/cmr/m/n on input line 23.
LaTeX Font Info:    ... okay on input line 23.
LaTeX Font Info:    Checking defaults for T1/cmr/m/n on input line 23.
LaTeX Font Info:    ... okay on input line 23.
LaTeX Font Info:    Checking defaults for TS1/cmr/m/n on input line 23.
LaTeX Font Info:    ... okay on input line 23.
LaTeX Font Info:    Checking defaults for OMX/cmex/m/n on input line 23.
LaTeX Font Info:    ... okay on input line 23.
LaTeX Font Info:    Checking defaults for U/cmr/m/n on input line 23.
LaTeX Font Info:    ... okay on input line 23.

-- Lines per column: 58 (exact).
Package caption Info: Begin \AtBeginDocument code.
Package caption Info: subfig package v1.3 is loaded.
Package caption Info: End \AtBeginDocument code.
(c:/texlive/2024/texmf-dist/tex/context/base/mkii/supp-pdf.mkii
[Loading MPS to PDF converter (version 2006.09.02).]
\scratchcounter=\count323
\scratchdimen=\dimen267
\scratchbox=\box106
\nofMPsegments=\count324
\nofMParguments=\count325
\everyMPshowfont=\toks27
\MPscratchCnt=\count326
\MPscratchDim=\dimen268
\MPnumerator=\count327
\makeMPintoPDFobject=\count328
\everyMPtoPDFconversion=\toks28
) (c:/texlive/2024/texmf-dist/tex/latex/epstopdf-pkg/epstopdf-base.sty
Package: epstopdf-base 2020-01-24 v2.11 Base part for package epstopdf
Package epstopdf-base Info: Redefining graphics rule for `.eps' on input line 485.
 (c:/texlive/2024/texmf-dist/tex/latex/latexconfig/epstopdf-sys.cfg
File: epstopdf-sys.cfg 2010/07/13 v1.3 Configuration of (r)epstopdf for TeX Live
))
LaTeX Font Info:    Calculating math sizes for size <11> on input line 41.
LaTeX Font Info:    Trying to load font information for U+msa on input line 41.
 (c:/texlive/2024/texmf-dist/tex/latex/amsfonts/umsa.fd
File: umsa.fd 2013/01/14 v3.01 AMS symbols A
)
LaTeX Font Info:    Trying to load font information for U+msb on input line 41.
 (c:/texlive/2024/texmf-dist/tex/latex/amsfonts/umsb.fd
File: umsb.fd 2013/01/14 v3.01 AMS symbols B
)

<BTS_User_Equipement.pdf, id=1, 845.1575pt x 546.05103pt>
File: BTS_User_Equipement.pdf Graphic file (type pdf)
<use BTS_User_Equipement.pdf>
Package pdftex.def Info: BTS_User_Equipement.pdf  used on input line 70.
(pdftex.def)             Requested size: 180.67499pt x 116.73212pt.

Underfull \vbox (badness 1824) has occurred while \output is active []



[1{c:/texlive/2024/texmf-var/fonts/map/pdftex/updmap/pdftex.map}{c:/texlive/2024/texmf-dist/fonts/enc/dvips/base/8r.enc}


 <./BTS_User_Equipement.pdf>]



[2]



[3]


Underfull \hbox (badness 10000) in paragraph at lines 149--150
[]\OT1/ptm/m/n/10 For each sub-car-rier es-ti-mated CSI ma-tri-ces is
 []



[4]

<NMSEvsNofparametters.pdf, id=54, 722.7pt x 433.62pt>
File: NMSEvsNofparametters.pdf Graphic file (type pdf)
<use NMSEvsNofparametters.pdf>
Package pdftex.def Info: NMSEvsNofparametters.pdf  used on input line 222.
(pdftex.def)             Requested size: 232.19843pt x 139.31702pt.
<NMSEvsFLOPs.pdf, id=55, 594.7821pt x 459.6372pt>
File: NMSEvsFLOPs.pdf Graphic file (type pdf)
<use NMSEvsFLOPs.pdf>
Package pdftex.def Info: NMSEvsFLOPs.pdf  used on input line 229.
(pdftex.def)             Requested size: 206.39685pt x 159.50078pt.


[5]
Underfull \vbox (badness 10000) has occurred while \output is active []





[6 <./NMSEvsNofparametters.pdf> <./NMSEvsFLOPs.pdf>]
LaTeX Font Info:    Trying to load font information for TS1+ptm on input line 316.
 (c:/texlive/2024/texmf-dist/tex/latex/psnfss/ts1ptm.fd
File: ts1ptm.fd 2001/06/04 font definitions for TS1/ptm.
)

pdfTeX warning: pdflatex.exe (file ./Model_a.pdf): PDF inclusion: found PDF version <1.6>, but at most version <1.5> allowed
<Model_a.pdf, id=218, 239.01314pt x 302.67065pt>
File: Model_a.pdf Graphic file (type pdf)
<use Model_a.pdf>
Package pdftex.def Info: Model_a.pdf  used on input line 359.
(pdftex.def)             Requested size: 151.20154pt x 191.47787pt.


pdfTeX warning: pdflatex.exe (file ./Model_b.pdf): PDF inclusion: found PDF version <1.6>, but at most version <1.5> allowed
<Model_b.pdf, id=219, 288.57582pt x 327.52472pt>
File: Model_b.pdf Graphic file (type pdf)
<use Model_b.pdf>
Package pdftex.def Info: Model_b.pdf  used on input line 367.
(pdftex.def)             Requested size: 201.60077pt x 228.81595pt.


pdfTeX warning: pdflatex.exe (file ./Model_c.pdf): PDF inclusion: found PDF version <1.6>, but at most version <1.5> allowed
<Model_c.pdf, id=220, 290.34624pt x 311.001pt>
File: Model_c.pdf Graphic file (type pdf)
<use Model_c.pdf>
Package pdftex.def Info: Model_c.pdf  used on input line 374.
(pdftex.def)             Requested size: 201.60077pt x 215.94337pt.

Underfull \vbox (badness 10000) has occurred while \output is active []





[7 <./Model_a.pdf>]



[8 <./Model_b.pdf> <./Model_c.pdf>]
<Figure_1.pdf, id=248, 863.62653pt x 698.12822pt>
File: Figure_1.pdf Graphic file (type pdf)
<use Figure_1.pdf>
Package pdftex.def Info: Figure_1.pdf  used on input line 446.
(pdftex.def)             Requested size: 273.47937pt x 221.07268pt.

Overfull \hbox (21.47937pt too wide) in paragraph at lines 446--447
 [][] 
 []



<2.8_1.png, id=249, 190.46156pt x 182.93344pt>
File: 2.8_1.png Graphic file (type png)
<use 2.8_1.png>
Package pdftex.def Info: 2.8_1.png  used on input line 505.
(pdftex.def)             Requested size: 71.13188pt x 68.31793pt.
LaTeX Font Info:    Trying to load font information for OT1+phv on input line 505.
(c:/texlive/2024/texmf-dist/tex/latex/psnfss/ot1phv.fd
File: ot1phv.fd 2020/03/25 scalable font definitions for OT1/phv.
)
<2.8_2.png, id=250, 188.95593pt x 176.15813pt>
File: 2.8_2.png Graphic file (type png)
<use 2.8_2.png>
Package pdftex.def Info: 2.8_2.png  used on input line 507.
(pdftex.def)             Requested size: 71.13188pt x 66.31448pt.
<2.8-3.png, id=251, 188.95593pt x 182.93344pt>
File: 2.8-3.png Graphic file (type png)
<use 2.8-3.png>
Package pdftex.def Info: 2.8-3.png  used on input line 509.
(pdftex.def)             Requested size: 71.13188pt x 68.86504pt.
<5.3_1.png, id=252, 188.95593pt x 182.18062pt>
File: 5.3_1.png Graphic file (type png)
<use 5.3_1.png>
Package pdftex.def Info: 5.3_1.png  used on input line 516.
(pdftex.def)             Requested size: 71.13188pt x 68.58163pt.
<5.3_2.png, id=253, 188.95593pt x 177.66376pt>
File: 5.3_2.png Graphic file (type png)
<use 5.3_2.png>
Package pdftex.def Info: 5.3_2.png  used on input line 518.
(pdftex.def)             Requested size: 71.13188pt x 66.88127pt.
<5.3_3.png, id=254, 188.95593pt x 182.93344pt>
File: 5.3_3.png Graphic file (type png)
<use 5.3_3.png>
Package pdftex.def Info: 5.3_3.png  used on input line 520.
(pdftex.def)             Requested size: 71.13188pt x 68.86504pt.
<C2100_1_out.png, id=255, 191.9672pt x 182.18062pt>
File: C2100_1_out.png Graphic file (type png)
<use C2100_1_out.png>
Package pdftex.def Info: C2100_1_out.png  used on input line 527.
(pdftex.def)             Requested size: 71.13188pt x 67.50584pt.
<C2100_2_out.png, id=256, 185.19188pt x 181.42781pt>
File: C2100_2_out.png Graphic file (type png)
<use C2100_2_out.png>
Package pdftex.def Info: C2100_2_out.png  used on input line 529.
(pdftex.def)             Requested size: 71.13188pt x 69.6852pt.
<C2100_3_out.png, id=257, 180.675pt x 179.16937pt>
File: C2100_3_out.png Graphic file (type png)
<use C2100_3_out.png>
Package pdftex.def Info: C2100_3_out.png  used on input line 531.
(pdftex.def)             Requested size: 71.13188pt x 70.5401pt.


[9 <./Figure_1.pdf> <./2.8_1.png> <./2.8_2.png> <./2.8-3.png>]


Underfull \vbox (badness 10000) has occurred while \output is active []



[10 <./5.3_1.png> <./5.3_2.png> <./5.3_3.png> <./C2100_1_out.png> <./C2100_2_out.png> <./C2100_3_out.png>]



[11]
Underfull \hbox (badness 1990) in paragraph at lines 758--759
[]\OT1/ptm/m/n/8 S. Han, H. Mao, and W. J. Dally, "Quan-tiz-ing deep con-vo-lu-
 []





[12

] (./paper_latex_edit - Copy.aux)
 ***********
LaTeX2e <2024-11-01> patch level 2
L3 programming layer <2025-01-18>
 ***********
 ) 
Here is how much of TeX's memory you used:
 6124 strings out of 473201
 109129 string characters out of 5720300
 610834 words of memory out of 5000000
 29277 multiletter control sequences out of 15000+600000
 605980 words of font info for 131 fonts, out of 8000000 for 9000
 1145 hyphenation exceptions out of 8191
 79i,12n,93p,6442b,522s stack positions out of 10000i,1000n,20000p,200000b,200000s
<c:/texlive/2024/texmf-dist/fonts/type1/public/amsfonts/cm/cmbx10.pfb><c:/texlive/2024/texmf-dist/fonts/type1/public/amsfonts/cm/cmex10.pfb><c:/texlive/2024/texmf-dist/fonts/type1/public/amsfonts/cm/cmmi10.pfb><c:/texlive/2024/texmf-dist/fonts/type1/public/amsfonts/cm/cmmi5.pfb><c:/texlive/2024/texmf-dist/fonts/type1/public/amsfonts/cm/cmmi7.pfb><c:/texlive/2024/texmf-dist/fonts/type1/public/amsfonts/cm/cmmi8.pfb><c:/texlive/2024/texmf-dist/fonts/type1/public/amsfonts/cm/cmr10.pfb><c:/texlive/2024/texmf-dist/fonts/type1/public/amsfonts/cm/cmr7.pfb><c:/texlive/2024/texmf-dist/fonts/type1/public/amsfonts/cm/cmr8.pfb><c:/texlive/2024/texmf-dist/fonts/type1/public/amsfonts/cm/cmsy10.pfb><c:/texlive/2024/texmf-dist/fonts/type1/public/amsfonts/cm/cmsy7.pfb><c:/texlive/2024/texmf-dist/fonts/type1/public/amsfonts/cm/cmsy8.pfb><c:/texlive/2024/texmf-dist/fonts/type1/public/amsfonts/symbols/msbm10.pfb><c:/texlive/2024/texmf-dist/fonts/type1/urw/helvetic/uhvr8a.pfb><c:/texlive/2024/texmf-dist/fonts/type1/urw/times/utmb8a.pfb><c:/texlive/2024/texmf-dist/fonts/type1/urw/times/utmbi8a.pfb><c:/texlive/2024/texmf-dist/fonts/type1/urw/times/utmr8a.pfb><c:/texlive/2024/texmf-dist/fonts/type1/urw/times/utmri8a.pfb>
Output written on "paper_latex_edit - Copy.pdf" (12 pages, 4361939 bytes).
PDF statistics:
 392 PDF objects out of 1000 (max. 8388607)
 124 compressed objects within 2 object streams
 0 named destinations out of 1000 (max. 500000)
 81 words of extra memory for PDF output out of 10000 (max. 10000000)

